# JRE version: OpenJDK Runtime Environment (21.0.6) (build 21.0.6+-13355223-b631.42)
# Java VM: OpenJDK 64-Bit Server VM (21.0.6+-13355223-b631.42, mixed mode, tiered, compressed oops, compressed class ptrs, g1 gc, windows-amd64)
GC Precious Log:
 CardTable entry size: 512
 Card Set container configuration: InlinePtr #cards 5 size 8 Array Of Cards #cards 12 size 40 Howl #buckets 4 coarsen threshold 1843 Howl Bitmap #cards 512 size 80 coarsen threshold 460 Card regions per heap region 1 cards per card region 2048
 CPUs: 8 total, 8 available
 Memory: 7914M
 Large Page Support: Disabled
 NUMA Support: Disabled
 Compressed Oops: Enabled (32-bit)
 Heap Region Size: 1M
 Heap Min Capacity: 8M
 Heap Initial Capacity: 124M
 Heap Max Capacity: 2G
 Pre-touch: Disabled
 Parallel Workers: 8
 Concurrent Workers: 2
 Concurrent Refinement Workers: 8
 Periodic GC: Disabled
Heap:
 garbage-first heap   total 162816K, used 118244K [0x0000000080000000, 0x0000000100000000)
  region size 1024K, 34 young (34816K), 5 survivors (5120K)
 Metaspace       used 91004K, committed 92864K, reserved 1179648K
  class space    used 12252K, committed 13184K, reserved 1048576K
GC Heap History (20 events):
Event: 10.488 GC heap before
{Heap before GC invocations=18 (full 0):
 garbage-first heap   total 101376K, used 88731K [0x0000000080000000, 0x0000000100000000)
  region size 1024K, 45 young (46080K), 4 survivors (4096K)
 Metaspace       used 66720K, committed 68416K, reserved 1114112K
  class space    used 9062K, committed 9920K, reserved 1048576K
}
Event: 10.491 GC heap after
{Heap after GC invocations=19 (full 0):
 garbage-first heap   total 101376K, used 49017K [0x0000000080000000, 0x0000000100000000)
  region size 1024K, 4 young (4096K), 4 survivors (4096K)
 Metaspace       used 66720K, committed 68416K, reserved 1114112K
  class space    used 9062K, committed 9920K, reserved 1048576K
}
Event: 11.613 GC heap before
{Heap before GC invocations=20 (full 0):
 garbage-first heap   total 101376K, used 96121K [0x0000000080000000, 0x0000000100000000)
  region size 1024K, 44 young (45056K), 4 survivors (4096K)
 Metaspace       used 67384K, committed 69120K, reserved 1114112K
  class space    used 9175K, committed 10048K, reserved 1048576K
}
Event: 11.618 GC heap after
{Heap after GC invocations=21 (full 0):
 garbage-first heap   total 106496K, used 60801K [0x0000000080000000, 0x0000000100000000)
  region size 1024K, 6 young (6144K), 6 survivors (6144K)
 Metaspace       used 67384K, committed 69120K, reserved 1114112K
  class space    used 9175K, committed 10048K, reserved 1048576K
}
Event: 12.185 GC heap before
{Heap before GC invocations=21 (full 0):
 garbage-first heap   total 106496K, used 99713K [0x0000000080000000, 0x0000000100000000)
  region size 1024K, 38 young (38912K), 6 survivors (6144K)
 Metaspace       used 69663K, committed 71424K, reserved 1114112K
  class space    used 9452K, committed 10304K, reserved 1048576K
}
Event: 12.189 GC heap after
{Heap after GC invocations=22 (full 0):
 garbage-first heap   total 113664K, used 70386K [0x0000000080000000, 0x0000000100000000)
  region size 1024K, 5 young (5120K), 5 survivors (5120K)
 Metaspace       used 69663K, committed 71424K, reserved 1114112K
  class space    used 9452K, committed 10304K, reserved 1048576K
}
Event: 12.566 GC heap before
{Heap before GC invocations=22 (full 0):
 garbage-first heap   total 113664K, used 99058K [0x0000000080000000, 0x0000000100000000)
  region size 1024K, 34 young (34816K), 5 survivors (5120K)
 Metaspace       used 72616K, committed 74432K, reserved 1114112K
  class space    used 9787K, committed 10688K, reserved 1048576K
}
Event: 12.569 GC heap after
{Heap after GC invocations=23 (full 0):
 garbage-first heap   total 113664K, used 71328K [0x0000000080000000, 0x0000000100000000)
  region size 1024K, 1 young (1024K), 1 survivors (1024K)
 Metaspace       used 72616K, committed 74432K, reserved 1114112K
  class space    used 9787K, committed 10688K, reserved 1048576K
}
Event: 13.029 GC heap before
{Heap before GC invocations=24 (full 0):
 garbage-first heap   total 119808K, used 101024K [0x0000000080000000, 0x0000000100000000)
  region size 1024K, 31 young (31744K), 1 survivors (1024K)
 Metaspace       used 75885K, committed 77760K, reserved 1179648K
  class space    used 10291K, committed 11264K, reserved 1048576K
}
Event: 13.033 GC heap after
{Heap after GC invocations=25 (full 0):
 garbage-first heap   total 119808K, used 72362K [0x0000000080000000, 0x0000000100000000)
  region size 1024K, 2 young (2048K), 2 survivors (2048K)
 Metaspace       used 75885K, committed 77760K, reserved 1179648K
  class space    used 10291K, committed 11264K, reserved 1048576K
}
Event: 13.593 GC heap before
{Heap before GC invocations=25 (full 0):
 garbage-first heap   total 119808K, used 113322K [0x0000000080000000, 0x0000000100000000)
  region size 1024K, 38 young (38912K), 2 survivors (2048K)
 Metaspace       used 78759K, committed 80576K, reserved 1179648K
  class space    used 10638K, committed 11584K, reserved 1048576K
}
Event: 13.601 GC heap after
{Heap after GC invocations=26 (full 0):
 garbage-first heap   total 122880K, used 77149K [0x0000000080000000, 0x0000000100000000)
  region size 1024K, 5 young (5120K), 5 survivors (5120K)
 Metaspace       used 78759K, committed 80576K, reserved 1179648K
  class space    used 10638K, committed 11584K, reserved 1048576K
}
Event: 14.227 GC heap before
{Heap before GC invocations=26 (full 0):
 garbage-first heap   total 122880K, used 110941K [0x0000000080000000, 0x0000000100000000)
  region size 1024K, 38 young (38912K), 5 survivors (5120K)
 Metaspace       used 81352K, committed 83264K, reserved 1179648K
  class space    used 10947K, committed 11904K, reserved 1048576K
}
Event: 14.232 GC heap after
{Heap after GC invocations=27 (full 0):
 garbage-first heap   total 122880K, used 79820K [0x0000000080000000, 0x0000000100000000)
  region size 1024K, 3 young (3072K), 3 survivors (3072K)
 Metaspace       used 81352K, committed 83264K, reserved 1179648K
  class space    used 10947K, committed 11904K, reserved 1048576K
}
Event: 14.761 GC heap before
{Heap before GC invocations=28 (full 0):
 garbage-first heap   total 135168K, used 110540K [0x0000000080000000, 0x0000000100000000)
  region size 1024K, 33 young (33792K), 3 survivors (3072K)
 Metaspace       used 84914K, committed 86784K, reserved 1179648K
  class space    used 11432K, committed 12352K, reserved 1048576K
}
Event: 14.764 GC heap after
{Heap after GC invocations=29 (full 0):
 garbage-first heap   total 135168K, used 80897K [0x0000000080000000, 0x0000000100000000)
  region size 1024K, 4 young (4096K), 4 survivors (4096K)
 Metaspace       used 84914K, committed 86784K, reserved 1179648K
  class space    used 11432K, committed 12352K, reserved 1048576K
}
Event: 15.282 GC heap before
{Heap before GC invocations=29 (full 0):
 garbage-first heap   total 135168K, used 124929K [0x0000000080000000, 0x0000000100000000)
  region size 1024K, 44 young (45056K), 4 survivors (4096K)
 Metaspace       used 88027K, committed 89920K, reserved 1179648K
  class space    used 11848K, committed 12800K, reserved 1048576K
}
Event: 15.287 GC heap after
{Heap after GC invocations=30 (full 0):
 garbage-first heap   total 135168K, used 85411K [0x0000000080000000, 0x0000000100000000)
  region size 1024K, 6 young (6144K), 6 survivors (6144K)
 Metaspace       used 88027K, committed 89920K, reserved 1179648K
  class space    used 11848K, committed 12800K, reserved 1048576K
}
Event: 15.657 GC heap before
{Heap before GC invocations=30 (full 0):
 garbage-first heap   total 135168K, used 119203K [0x0000000080000000, 0x0000000100000000)
  region size 1024K, 39 young (39936K), 6 survivors (6144K)
 Metaspace       used 89161K, committed 91008K, reserved 1179648K
  class space    used 12015K, committed 12928K, reserved 1048576K
}
Event: 15.663 GC heap after
{Heap after GC invocations=31 (full 0):
 garbage-first heap   total 162816K, used 89572K [0x0000000080000000, 0x0000000100000000)
  region size 1024K, 5 young (5120K), 5 survivors (5120K)
 Metaspace       used 89161K, committed 91008K, reserved 1179648K
  class space    used 12015K, committed 12928K, reserved 1048576K
}

