# JRE version: OpenJDK Runtime Environment (21.0.6) (build 21.0.6+-13355223-b631.42)
# Java VM: OpenJDK 64-Bit Server VM (21.0.6+-13355223-b631.42, mixed mode, tiered, compressed oops, compressed class ptrs, g1 gc, windows-amd64)
GC Precious Log:
 CardTable entry size: 512
 Card Set container configuration: InlinePtr #cards 5 size 8 Array Of Cards #cards 12 size 40 Howl #buckets 4 coarsen threshold 1843 Howl Bitmap #cards 512 size 80 coarsen threshold 460 Card regions per heap region 1 cards per card region 2048
 CPUs: 12 total, 12 available
 Memory: 7832M
 Large Page Support: Disabled
 NUMA Support: Disabled
 Compressed Oops: Enabled (32-bit)
 Heap Region Size: 1M
 Heap Min Capacity: 8M
 Heap Initial Capacity: 124M
 Heap Max Capacity: 2G
 Pre-touch: Disabled
 Parallel Workers: 10
 Concurrent Workers: 3
 Concurrent Refinement Workers: 10
 Periodic GC: Disabled
Heap:
 garbage-first heap   total 376832K, used 200480K [0x0000000080000000, 0x0000000100000000)
  region size 1024K, 13 young (13312K), 13 survivors (13312K)
 Metaspace       used 183498K, committed 186176K, reserved 1245184K
  class space    used 23373K, committed 25216K, reserved 1048576K
GC Heap History (20 events):
Event: 25510.799 GC heap after
{Heap after GC invocations=158 (full 3):
 garbage-first heap   total 376832K, used 219461K [0x0000000080000000, 0x0000000100000000)
  region size 1024K, 3 young (3072K), 3 survivors (3072K)
 Metaspace       used 183176K, committed 185856K, reserved 1245184K
  class space    used 23371K, committed 25216K, reserved 1048576K
}
Event: 25511.235 GC heap before
{Heap before GC invocations=158 (full 3):
 garbage-first heap   total 376832K, used 312645K [0x0000000080000000, 0x0000000100000000)
  region size 1024K, 95 young (97280K), 3 survivors (3072K)
 Metaspace       used 183256K, committed 185920K, reserved 1245184K
  class space    used 23375K, committed 25216K, reserved 1048576K
}
Event: 25511.249 GC heap after
{Heap after GC invocations=159 (full 3):
 garbage-first heap   total 376832K, used 212679K [0x0000000080000000, 0x0000000100000000)
  region size 1024K, 10 young (10240K), 10 survivors (10240K)
 Metaspace       used 183256K, committed 185920K, reserved 1245184K
  class space    used 23375K, committed 25216K, reserved 1048576K
}
Event: 25868.056 GC heap before
{Heap before GC invocations=159 (full 3):
 garbage-first heap   total 376832K, used 313031K [0x0000000080000000, 0x0000000100000000)
  region size 1024K, 109 young (111616K), 10 survivors (10240K)
 Metaspace       used 183309K, committed 185984K, reserved 1245184K
  class space    used 23376K, committed 25216K, reserved 1048576K
}
Event: 25868.367 GC heap after
{Heap after GC invocations=160 (full 3):
 garbage-first heap   total 376832K, used 208165K [0x0000000080000000, 0x0000000100000000)
  region size 1024K, 4 young (4096K), 4 survivors (4096K)
 Metaspace       used 183309K, committed 185984K, reserved 1245184K
  class space    used 23376K, committed 25216K, reserved 1048576K
}
Event: 25872.940 GC heap before
{Heap before GC invocations=161 (full 3):
 garbage-first heap   total 376832K, used 212261K [0x0000000080000000, 0x0000000100000000)
  region size 1024K, 42 young (43008K), 4 survivors (4096K)
 Metaspace       used 183330K, committed 185984K, reserved 1245184K
  class space    used 23376K, committed 25216K, reserved 1048576K
}
Event: 25872.966 GC heap after
{Heap after GC invocations=162 (full 3):
 garbage-first heap   total 376832K, used 178707K [0x0000000080000000, 0x0000000100000000)
  region size 1024K, 6 young (6144K), 6 survivors (6144K)
 Metaspace       used 183330K, committed 185984K, reserved 1245184K
  class space    used 23376K, committed 25216K, reserved 1048576K
}
Event: 25879.591 GC heap before
{Heap before GC invocations=162 (full 3):
 garbage-first heap   total 376832K, used 318995K [0x0000000080000000, 0x0000000100000000)
  region size 1024K, 128 young (131072K), 6 survivors (6144K)
 Metaspace       used 183358K, committed 185984K, reserved 1245184K
  class space    used 23376K, committed 25216K, reserved 1048576K
}
Event: 25879.673 GC heap after
{Heap after GC invocations=163 (full 3):
 garbage-first heap   total 376832K, used 182577K [0x0000000080000000, 0x0000000100000000)
  region size 1024K, 16 young (16384K), 16 survivors (16384K)
 Metaspace       used 183358K, committed 185984K, reserved 1245184K
  class space    used 23376K, committed 25216K, reserved 1048576K
}
Event: 25879.718 GC heap before
{Heap before GC invocations=163 (full 3):
 garbage-first heap   total 376832K, used 184625K [0x0000000080000000, 0x0000000100000000)
  region size 1024K, 18 young (18432K), 16 survivors (16384K)
 Metaspace       used 183360K, committed 185984K, reserved 1245184K
  class space    used 23376K, committed 25216K, reserved 1048576K
}
Event: 25879.749 GC heap after
{Heap after GC invocations=164 (full 3):
 garbage-first heap   total 376832K, used 186676K [0x0000000080000000, 0x0000000100000000)
  region size 1024K, 3 young (3072K), 3 survivors (3072K)
 Metaspace       used 183360K, committed 185984K, reserved 1245184K
  class space    used 23376K, committed 25216K, reserved 1048576K
}
Event: 25881.413 GC heap before
{Heap before GC invocations=165 (full 3):
 garbage-first heap   total 376832K, used 281908K [0x0000000080000000, 0x0000000100000000)
  region size 1024K, 72 young (73728K), 3 survivors (3072K)
 Metaspace       used 183386K, committed 186048K, reserved 1245184K
  class space    used 23376K, committed 25216K, reserved 1048576K
}
Event: 25881.432 GC heap after
{Heap after GC invocations=166 (full 3):
 garbage-first heap   total 376832K, used 196291K [0x0000000080000000, 0x0000000100000000)
  region size 1024K, 9 young (9216K), 9 survivors (9216K)
 Metaspace       used 183386K, committed 186048K, reserved 1245184K
  class space    used 23376K, committed 25216K, reserved 1048576K
}
Event: 25881.861 GC heap before
{Heap before GC invocations=166 (full 3):
 garbage-first heap   total 376832K, used 309955K [0x0000000080000000, 0x0000000100000000)
  region size 1024K, 121 young (123904K), 9 survivors (9216K)
 Metaspace       used 183417K, committed 186048K, reserved 1245184K
  class space    used 23376K, committed 25216K, reserved 1048576K
}
Event: 25881.874 GC heap after
{Heap after GC invocations=167 (full 3):
 garbage-first heap   total 376832K, used 187050K [0x0000000080000000, 0x0000000100000000)
  region size 1024K, 3 young (3072K), 3 survivors (3072K)
 Metaspace       used 183417K, committed 186048K, reserved 1245184K
  class space    used 23376K, committed 25216K, reserved 1048576K
}
Event: 26098.303 GC heap before
{Heap before GC invocations=167 (full 3):
 garbage-first heap   total 376832K, used 313002K [0x0000000080000000, 0x0000000100000000)
  region size 1024K, 127 young (130048K), 3 survivors (3072K)
 Metaspace       used 183465K, committed 186112K, reserved 1245184K
  class space    used 23377K, committed 25216K, reserved 1048576K
}
Event: 26098.410 GC heap after
{Heap after GC invocations=168 (full 3):
 garbage-first heap   total 376832K, used 198625K [0x0000000080000000, 0x0000000100000000)
  region size 1024K, 14 young (14336K), 14 survivors (14336K)
 Metaspace       used 183465K, committed 186112K, reserved 1245184K
  class space    used 23377K, committed 25216K, reserved 1048576K
}
Event: 26101.730 GC heap before
{Heap before GC invocations=169 (full 3):
 garbage-first heap   total 376832K, used 297953K [0x0000000080000000, 0x0000000100000000)
  region size 1024K, 127 young (130048K), 14 survivors (14336K)
 Metaspace       used 183451K, committed 186176K, reserved 1245184K
  class space    used 23372K, committed 25216K, reserved 1048576K
}
Event: 26101.824 GC heap after
{Heap after GC invocations=170 (full 3):
 garbage-first heap   total 376832K, used 202685K [0x0000000080000000, 0x0000000100000000)
  region size 1024K, 16 young (16384K), 16 survivors (16384K)
 Metaspace       used 183451K, committed 186176K, reserved 1245184K
  class space    used 23372K, committed 25216K, reserved 1048576K
}
Event: 26102.263 GC heap before
{Heap before GC invocations=170 (full 3):
 garbage-first heap   total 376832K, used 336829K [0x0000000080000000, 0x0000000100000000)
  region size 1024K, 123 young (125952K), 16 survivors (16384K)
 Metaspace       used 183498K, committed 186176K, reserved 1245184K
  class space    used 23373K, committed 25216K, reserved 1048576K
}

